2024-04-13 17:57:47,198 [Worker-2: Loading available Gradle versions] INFO  o.e.b.c.i.u.g.PublishedGradleVersions - Gradle version information cache is up-to-date. Trying to read.
2024-04-13 17:58:31,310 [Worker-5: Launching mavenrun-a85b8e91-af9c-4cdc-8d2e-678fe6665637] INFO  o.eclipse.m2e.core.internal.Bundles - getClasspathEntries(Bundle=org.eclipse.m2e.maven.runtime_3.9.400.20230826-0755 [297])
2024-04-13 17:58:31,312 [Worker-5: Launching mavenrun-a85b8e91-af9c-4cdc-8d2e-678fe6665637] INFO  o.eclipse.m2e.core.internal.Bundles - 	Entry: C:\Users\Lea\.p2\pool\plugins\org.eclipse.m2e.maven.runtime_3.9.400.20230826-0755
2024-04-13 17:58:31,312 [Worker-5: Launching mavenrun-a85b8e91-af9c-4cdc-8d2e-678fe6665637] INFO  o.eclipse.m2e.core.internal.Bundles - 	Entry: C:\Users\Lea\.p2\pool\plugins\org.eclipse.m2e.maven.runtime_3.9.400.20230826-0755\jars\aether-connector-okhttp-0.17.8.jar
2024-04-13 17:58:31,312 [Worker-5: Launching mavenrun-a85b8e91-af9c-4cdc-8d2e-678fe6665637] INFO  o.eclipse.m2e.core.internal.Bundles - 	Entry: C:\Users\Lea\.p2\pool\plugins\org.eclipse.m2e.maven.runtime_3.9.400.20230826-0755\jars\aopalliance-1.0.jar
2024-04-13 17:58:31,313 [Worker-5: Launching mavenrun-a85b8e91-af9c-4cdc-8d2e-678fe6665637] INFO  o.eclipse.m2e.core.internal.Bundles - 	Entry: C:\Users\Lea\.p2\pool\plugins\org.eclipse.m2e.maven.runtime_3.9.400.20230826-0755\jars\commons-lang3-3.12.0.jar
2024-04-13 17:58:31,313 [Worker-5: Launching mavenrun-a85b8e91-af9c-4cdc-8d2e-678fe6665637] INFO  o.eclipse.m2e.core.internal.Bundles - 	Entry: C:\Users\Lea\.p2\pool\plugins\org.eclipse.m2e.maven.runtime_3.9.400.20230826-0755\jars\guice-5.1.0.jar
2024-04-13 17:58:31,313 [Worker-5: Launching mavenrun-a85b8e91-af9c-4cdc-8d2e-678fe6665637] INFO  o.eclipse.m2e.core.internal.Bundles - 	Entry: C:\Users\Lea\.p2\pool\plugins\org.eclipse.m2e.maven.runtime_3.9.400.20230826-0755\jars\jansi-2.4.0.jar
2024-04-13 17:58:31,313 [Worker-5: Launching mavenrun-a85b8e91-af9c-4cdc-8d2e-678fe6665637] INFO  o.eclipse.m2e.core.internal.Bundles - 	Entry: C:\Users\Lea\.p2\pool\plugins\org.eclipse.m2e.maven.runtime_3.9.400.20230826-0755\jars\maven-artifact-3.9.4.jar
2024-04-13 17:58:31,313 [Worker-5: Launching mavenrun-a85b8e91-af9c-4cdc-8d2e-678fe6665637] INFO  o.eclipse.m2e.core.internal.Bundles - 	Entry: C:\Users\Lea\.p2\pool\plugins\org.eclipse.m2e.maven.runtime_3.9.400.20230826-0755\jars\maven-builder-support-3.9.4.jar
2024-04-13 17:58:31,313 [Worker-5: Launching mavenrun-a85b8e91-af9c-4cdc-8d2e-678fe6665637] INFO  o.eclipse.m2e.core.internal.Bundles - 	Entry: C:\Users\Lea\.p2\pool\plugins\org.eclipse.m2e.maven.runtime_3.9.400.20230826-0755\jars\maven-compat-3.9.4.jar
2024-04-13 17:58:31,313 [Worker-5: Launching mavenrun-a85b8e91-af9c-4cdc-8d2e-678fe6665637] INFO  o.eclipse.m2e.core.internal.Bundles - 	Entry: C:\Users\Lea\.p2\pool\plugins\org.eclipse.m2e.maven.runtime_3.9.400.20230826-0755\jars\maven-core-3.9.4.jar
2024-04-13 17:58:31,313 [Worker-5: Launching mavenrun-a85b8e91-af9c-4cdc-8d2e-678fe6665637] INFO  o.eclipse.m2e.core.internal.Bundles - 	Entry: C:\Users\Lea\.p2\pool\plugins\org.eclipse.m2e.maven.runtime_3.9.400.20230826-0755\jars\maven-embedder-3.9.4.jar
2024-04-13 17:58:31,313 [Worker-5: Launching mavenrun-a85b8e91-af9c-4cdc-8d2e-678fe6665637] INFO  o.eclipse.m2e.core.internal.Bundles - 	Entry: C:\Users\Lea\.p2\pool\plugins\org.eclipse.m2e.maven.runtime_3.9.400.20230826-0755\jars\maven-model-3.9.4.jar
2024-04-13 17:58:31,314 [Worker-5: Launching mavenrun-a85b8e91-af9c-4cdc-8d2e-678fe6665637] INFO  o.eclipse.m2e.core.internal.Bundles - 	Entry: C:\Users\Lea\.p2\pool\plugins\org.eclipse.m2e.maven.runtime_3.9.400.20230826-0755\jars\maven-model-builder-3.9.4.jar
2024-04-13 17:58:31,314 [Worker-5: Launching mavenrun-a85b8e91-af9c-4cdc-8d2e-678fe6665637] INFO  o.eclipse.m2e.core.internal.Bundles - 	Entry: C:\Users\Lea\.p2\pool\plugins\org.eclipse.m2e.maven.runtime_3.9.400.20230826-0755\jars\maven-plugin-api-3.9.4.jar
2024-04-13 17:58:31,314 [Worker-5: Launching mavenrun-a85b8e91-af9c-4cdc-8d2e-678fe6665637] INFO  o.eclipse.m2e.core.internal.Bundles - 	Entry: C:\Users\Lea\.p2\pool\plugins\org.eclipse.m2e.maven.runtime_3.9.400.20230826-0755\jars\maven-repository-metadata-3.9.4.jar
2024-04-13 17:58:31,314 [Worker-5: Launching mavenrun-a85b8e91-af9c-4cdc-8d2e-678fe6665637] INFO  o.eclipse.m2e.core.internal.Bundles - 	Entry: C:\Users\Lea\.p2\pool\plugins\org.eclipse.m2e.maven.runtime_3.9.400.20230826-0755\jars\maven-resolver-api-1.9.14.jar
2024-04-13 17:58:31,314 [Worker-5: Launching mavenrun-a85b8e91-af9c-4cdc-8d2e-678fe6665637] INFO  o.eclipse.m2e.core.internal.Bundles - 	Entry: C:\Users\Lea\.p2\pool\plugins\org.eclipse.m2e.maven.runtime_3.9.400.20230826-0755\jars\maven-resolver-connector-basic-1.9.14.jar
2024-04-13 17:58:31,314 [Worker-5: Launching mavenrun-a85b8e91-af9c-4cdc-8d2e-678fe6665637] INFO  o.eclipse.m2e.core.internal.Bundles - 	Entry: C:\Users\Lea\.p2\pool\plugins\org.eclipse.m2e.maven.runtime_3.9.400.20230826-0755\jars\maven-resolver-impl-1.9.14.jar
2024-04-13 17:58:31,314 [Worker-5: Launching mavenrun-a85b8e91-af9c-4cdc-8d2e-678fe6665637] INFO  o.eclipse.m2e.core.internal.Bundles - 	Entry: C:\Users\Lea\.p2\pool\plugins\org.eclipse.m2e.maven.runtime_3.9.400.20230826-0755\jars\maven-resolver-named-locks-1.9.14.jar
2024-04-13 17:58:31,315 [Worker-5: Launching mavenrun-a85b8e91-af9c-4cdc-8d2e-678fe6665637] INFO  o.eclipse.m2e.core.internal.Bundles - 	Entry: C:\Users\Lea\.p2\pool\plugins\org.eclipse.m2e.maven.runtime_3.9.400.20230826-0755\jars\maven-resolver-provider-3.9.4.jar
2024-04-13 17:58:31,315 [Worker-5: Launching mavenrun-a85b8e91-af9c-4cdc-8d2e-678fe6665637] INFO  o.eclipse.m2e.core.internal.Bundles - 	Entry: C:\Users\Lea\.p2\pool\plugins\org.eclipse.m2e.maven.runtime_3.9.400.20230826-0755\jars\maven-resolver-spi-1.9.14.jar
2024-04-13 17:58:31,315 [Worker-5: Launching mavenrun-a85b8e91-af9c-4cdc-8d2e-678fe6665637] INFO  o.eclipse.m2e.core.internal.Bundles - 	Entry: C:\Users\Lea\.p2\pool\plugins\org.eclipse.m2e.maven.runtime_3.9.400.20230826-0755\jars\maven-resolver-transport-wagon-1.9.14.jar
2024-04-13 17:58:31,315 [Worker-5: Launching mavenrun-a85b8e91-af9c-4cdc-8d2e-678fe6665637] INFO  o.eclipse.m2e.core.internal.Bundles - 	Entry: C:\Users\Lea\.p2\pool\plugins\org.eclipse.m2e.maven.runtime_3.9.400.20230826-0755\jars\maven-resolver-util-1.9.14.jar
2024-04-13 17:58:31,315 [Worker-5: Launching mavenrun-a85b8e91-af9c-4cdc-8d2e-678fe6665637] INFO  o.eclipse.m2e.core.internal.Bundles - 	Entry: C:\Users\Lea\.p2\pool\plugins\org.eclipse.m2e.maven.runtime_3.9.400.20230826-0755\jars\maven-settings-3.9.4.jar
2024-04-13 17:58:31,315 [Worker-5: Launching mavenrun-a85b8e91-af9c-4cdc-8d2e-678fe6665637] INFO  o.eclipse.m2e.core.internal.Bundles - 	Entry: C:\Users\Lea\.p2\pool\plugins\org.eclipse.m2e.maven.runtime_3.9.400.20230826-0755\jars\maven-settings-builder-3.9.4.jar
2024-04-13 17:58:31,315 [Worker-5: Launching mavenrun-a85b8e91-af9c-4cdc-8d2e-678fe6665637] INFO  o.eclipse.m2e.core.internal.Bundles - 	Entry: C:\Users\Lea\.p2\pool\plugins\org.eclipse.m2e.maven.runtime_3.9.400.20230826-0755\jars\maven-shared-utils-3.3.4.jar
2024-04-13 17:58:31,316 [Worker-5: Launching mavenrun-a85b8e91-af9c-4cdc-8d2e-678fe6665637] INFO  o.eclipse.m2e.core.internal.Bundles - 	Entry: C:\Users\Lea\.p2\pool\plugins\org.eclipse.m2e.maven.runtime_3.9.400.20230826-0755\jars\okhttp-3.14.1.jar
2024-04-13 17:58:31,316 [Worker-5: Launching mavenrun-a85b8e91-af9c-4cdc-8d2e-678fe6665637] INFO  o.eclipse.m2e.core.internal.Bundles - 	Entry: C:\Users\Lea\.p2\pool\plugins\org.eclipse.m2e.maven.runtime_3.9.400.20230826-0755\jars\okio-1.17.3.jar
2024-04-13 17:58:31,316 [Worker-5: Launching mavenrun-a85b8e91-af9c-4cdc-8d2e-678fe6665637] INFO  o.eclipse.m2e.core.internal.Bundles - 	Entry: C:\Users\Lea\.p2\pool\plugins\org.eclipse.m2e.maven.runtime_3.9.400.20230826-0755\jars\org.eclipse.sisu.inject-0.3.5.jar
2024-04-13 17:58:31,316 [Worker-5: Launching mavenrun-a85b8e91-af9c-4cdc-8d2e-678fe6665637] INFO  o.eclipse.m2e.core.internal.Bundles - 	Entry: C:\Users\Lea\.p2\pool\plugins\org.eclipse.m2e.maven.runtime_3.9.400.20230826-0755\jars\org.eclipse.sisu.plexus-0.3.5.jar
2024-04-13 17:58:31,316 [Worker-5: Launching mavenrun-a85b8e91-af9c-4cdc-8d2e-678fe6665637] INFO  o.eclipse.m2e.core.internal.Bundles - 	Entry: C:\Users\Lea\.p2\pool\plugins\org.eclipse.m2e.maven.runtime_3.9.400.20230826-0755\jars\plexus-build-api-0.0.7.jar
2024-04-13 17:58:31,316 [Worker-5: Launching mavenrun-a85b8e91-af9c-4cdc-8d2e-678fe6665637] INFO  o.eclipse.m2e.core.internal.Bundles - 	Entry: C:\Users\Lea\.p2\pool\plugins\org.eclipse.m2e.maven.runtime_3.9.400.20230826-0755\jars\plexus-cipher-2.0.jar
2024-04-13 17:58:31,316 [Worker-5: Launching mavenrun-a85b8e91-af9c-4cdc-8d2e-678fe6665637] INFO  o.eclipse.m2e.core.internal.Bundles - 	Entry: C:\Users\Lea\.p2\pool\plugins\org.eclipse.m2e.maven.runtime_3.9.400.20230826-0755\jars\plexus-classworlds-2.7.0.jar
2024-04-13 17:58:31,316 [Worker-5: Launching mavenrun-a85b8e91-af9c-4cdc-8d2e-678fe6665637] INFO  o.eclipse.m2e.core.internal.Bundles - 	Entry: C:\Users\Lea\.p2\pool\plugins\org.eclipse.m2e.maven.runtime_3.9.400.20230826-0755\jars\plexus-component-annotations-2.1.0.jar
2024-04-13 17:58:31,316 [Worker-5: Launching mavenrun-a85b8e91-af9c-4cdc-8d2e-678fe6665637] INFO  o.eclipse.m2e.core.internal.Bundles - 	Entry: C:\Users\Lea\.p2\pool\plugins\org.eclipse.m2e.maven.runtime_3.9.400.20230826-0755\jars\plexus-interpolation-1.26.jar
2024-04-13 17:58:31,317 [Worker-5: Launching mavenrun-a85b8e91-af9c-4cdc-8d2e-678fe6665637] INFO  o.eclipse.m2e.core.internal.Bundles - 	Entry: C:\Users\Lea\.p2\pool\plugins\org.eclipse.m2e.maven.runtime_3.9.400.20230826-0755\jars\plexus-sec-dispatcher-2.0.jar
2024-04-13 17:58:31,317 [Worker-5: Launching mavenrun-a85b8e91-af9c-4cdc-8d2e-678fe6665637] INFO  o.eclipse.m2e.core.internal.Bundles - 	Entry: C:\Users\Lea\.p2\pool\plugins\org.eclipse.m2e.maven.runtime_3.9.400.20230826-0755\jars\plexus-utils-3.5.1.jar
2024-04-13 17:58:31,317 [Worker-5: Launching mavenrun-a85b8e91-af9c-4cdc-8d2e-678fe6665637] INFO  o.eclipse.m2e.core.internal.Bundles - 	Entry: C:\Users\Lea\.p2\pool\plugins\org.eclipse.m2e.maven.runtime_3.9.400.20230826-0755\jars\wagon-file-3.5.3.jar
2024-04-13 17:58:31,317 [Worker-5: Launching mavenrun-a85b8e91-af9c-4cdc-8d2e-678fe6665637] INFO  o.eclipse.m2e.core.internal.Bundles - 	Entry: C:\Users\Lea\.p2\pool\plugins\org.eclipse.m2e.maven.runtime_3.9.400.20230826-0755\jars\wagon-provider-api-3.5.3.jar
2024-04-13 17:58:31,319 [Worker-5: Launching mavenrun-a85b8e91-af9c-4cdc-8d2e-678fe6665637] INFO  o.eclipse.m2e.core.internal.Bundles - getClasspathEntries(Bundle=com.google.guava_32.1.2.jre [10])
2024-04-13 17:58:31,319 [Worker-5: Launching mavenrun-a85b8e91-af9c-4cdc-8d2e-678fe6665637] INFO  o.eclipse.m2e.core.internal.Bundles - 	Entry: C:\Users\Lea\.p2\pool\plugins\com.google.guava_32.1.2.jre.jar
2024-04-13 17:58:31,319 [Worker-5: Launching mavenrun-a85b8e91-af9c-4cdc-8d2e-678fe6665637] INFO  o.eclipse.m2e.core.internal.Bundles - getClasspathEntries(Bundle=slf4j.api_2.0.12 [570])
2024-04-13 17:58:31,319 [Worker-5: Launching mavenrun-a85b8e91-af9c-4cdc-8d2e-678fe6665637] INFO  o.eclipse.m2e.core.internal.Bundles - 	Entry: C:\Users\Lea\.p2\pool\plugins\slf4j.api_2.0.12.jar
2024-04-13 17:58:31,319 [Worker-5: Launching mavenrun-a85b8e91-af9c-4cdc-8d2e-678fe6665637] INFO  o.eclipse.m2e.core.internal.Bundles - getClasspathEntries(Bundle=javax.inject_1.0.0.v20220405-0441 [26])
2024-04-13 17:58:31,320 [Worker-5: Launching mavenrun-a85b8e91-af9c-4cdc-8d2e-678fe6665637] INFO  o.eclipse.m2e.core.internal.Bundles - 	Entry: C:\Users\Lea\.p2\pool\plugins\javax.inject_1.0.0.v20220405-0441.jar
2024-04-13 17:58:31,320 [Worker-5: Launching mavenrun-a85b8e91-af9c-4cdc-8d2e-678fe6665637] INFO  o.eclipse.m2e.core.internal.Bundles - getClasspathEntries(Bundle=javax.annotation_1.3.5.v20200909-1856 [24])
2024-04-13 17:58:31,320 [Worker-5: Launching mavenrun-a85b8e91-af9c-4cdc-8d2e-678fe6665637] INFO  o.eclipse.m2e.core.internal.Bundles - 	Entry: C:\Users\Lea\.p2\pool\plugins\javax.annotation_1.3.5.v20200909-1856.jar
2024-04-13 17:58:31,320 [Worker-5: Launching mavenrun-a85b8e91-af9c-4cdc-8d2e-678fe6665637] INFO  o.eclipse.m2e.core.internal.Bundles - getClasspathEntries(Bundle=org.apache.commons.cli_1.5.0 [49])
2024-04-13 17:58:31,320 [Worker-5: Launching mavenrun-a85b8e91-af9c-4cdc-8d2e-678fe6665637] INFO  o.eclipse.m2e.core.internal.Bundles - 	Entry: C:\Users\Lea\.p2\pool\plugins\org.apache.commons.cli_1.5.0.jar
2024-04-13 17:58:31,320 [Worker-5: Launching mavenrun-a85b8e91-af9c-4cdc-8d2e-678fe6665637] INFO  o.eclipse.m2e.core.internal.Bundles - getClasspathEntries(Bundle=com.google.guava.failureaccess_1.0.1 [12])
2024-04-13 17:58:31,320 [Worker-5: Launching mavenrun-a85b8e91-af9c-4cdc-8d2e-678fe6665637] INFO  o.eclipse.m2e.core.internal.Bundles - 	Entry: C:\Users\Lea\.p2\pool\plugins\com.google.guava.failureaccess_1.0.1.jar
2024-04-13 17:58:31,327 [Worker-5: Launching mavenrun-a85b8e91-af9c-4cdc-8d2e-678fe6665637] INFO  o.e.m.i.launch.MavenLaunchDelegate - Run build in "C:\Users\Lea\AppData\Local\Temp\m2e-archetypeGenerator12400048790323443227":
2024-04-13 17:58:31,330 [Worker-5: Launching mavenrun-a85b8e91-af9c-4cdc-8d2e-678fe6665637] INFO  o.e.m.i.launch.MavenLaunchDelegate -  mvn  -Djavafx-version=13 -Djavafx-maven-plugin-version=0.0.6 -Dadd-debug-configuration=N -DarchetypeGroupId=org.openjfx -DarchetypeArtifactId=javafx-archetype-simple -DarchetypeVersion=0.0.6 -DgroupId=Assignment -DartifactId=Game -Dversion=0.0.1-SNAPSHOT -Dpackage=Assignment.Game -DoutputDirectory="C:\Users\Lea\Desktop\Uni_Stuff\Year_2\design patterns\semester 2\assignment" -Dstyle.color=always -U archetype:generate
2024-04-13 17:58:43,354 [Worker-16: Creating javafx-archetype-simple] INFO  o.e.m.c.i.p.ProjectConfigurationManager - Collecting project info '/pom.xml' C:\Users\Lea\Desktop\Uni_Stuff\Year_2\design patterns\semester 2\assignment\Game\pom.xml
2024-04-13 17:58:44,339 [Worker-16: Creating javafx-archetype-simple] INFO  o.e.m.c.i.l.LifecycleMappingFactory - Using org.eclipse.m2e.jdt.JarLifecycleMapping lifecycle mapping for MavenProject: Assignment:Game:0.0.1-SNAPSHOT @ C:\Users\Lea\Desktop\Uni_Stuff\Year_2\design patterns\semester 2\assignment\Game\pom.xml.
2024-04-13 17:58:44,933 [Worker-16: Creating javafx-archetype-simple] INFO  o.e.m.j.i.AbstractJavaProjectConfigurator - Adding source folder /Game/src/main/java
2024-04-13 17:58:44,933 [Worker-16: Creating javafx-archetype-simple] INFO  o.e.m.j.i.AbstractJavaProjectConfigurator - Adding resource folder /Game/src/main/resources
2024-04-13 17:58:44,934 [Worker-16: Creating javafx-archetype-simple] INFO  o.e.m.j.i.AbstractJavaProjectConfigurator - Adding source folder /Game/src/test/java
2024-04-13 17:58:44,934 [Worker-16: Creating javafx-archetype-simple] INFO  o.e.m.j.i.AbstractJavaProjectConfigurator - Adding resource folder /Game/src/test/resources
2024-04-13 17:58:45,330 [Worker-16: Creating javafx-archetype-simple] INFO  o.e.m.c.i.p.ProjectConfigurationManager - Imported and configured 1 project(s) in 1 sec
2024-04-13 17:58:45,933 [Worker-20: Building] INFO  o.a.m.s.f.DefaultMavenResourcesFiltering - skip non existing resourceDirectory C:\Users\Lea\Desktop\Uni_Stuff\Year_2\design patterns\semester 2\assignment\Game\src\main\resources
2024-04-13 17:58:45,937 [Worker-20: Building] INFO  o.a.m.s.f.DefaultMavenResourcesFiltering - skip non existing resourceDirectory C:\Users\Lea\Desktop\Uni_Stuff\Year_2\design patterns\semester 2\assignment\Game\src\test\resources
2024-04-13 17:58:56,669 [Worker-19: Building] INFO  o.a.m.s.f.DefaultMavenResourcesFiltering - skip non existing resourceDirectory C:\Users\Lea\Desktop\Uni_Stuff\Year_2\design patterns\semester 2\assignment\Game\src\main\resources
2024-04-13 17:58:56,672 [Worker-19: Building] INFO  o.a.m.s.f.DefaultMavenResourcesFiltering - skip non existing resourceDirectory C:\Users\Lea\Desktop\Uni_Stuff\Year_2\design patterns\semester 2\assignment\Game\src\test\resources
2024-04-13 17:59:01,203 [Worker-2: Building] INFO  o.a.m.s.f.DefaultMavenResourcesFiltering - skip non existing resourceDirectory C:\Users\Lea\Desktop\Uni_Stuff\Year_2\design patterns\semester 2\assignment\Game\src\main\resources
2024-04-13 17:59:01,206 [Worker-2: Building] INFO  o.a.m.s.f.DefaultMavenResourcesFiltering - skip non existing resourceDirectory C:\Users\Lea\Desktop\Uni_Stuff\Year_2\design patterns\semester 2\assignment\Game\src\test\resources
2024-04-13 17:59:48,641 [Worker-7: Building] INFO  o.a.m.s.f.DefaultMavenResourcesFiltering - skip non existing resourceDirectory C:\Users\Lea\Desktop\Uni_Stuff\Year_2\design patterns\semester 2\assignment\Game\src\main\resources
2024-04-13 17:59:48,644 [Worker-7: Building] INFO  o.a.m.s.f.DefaultMavenResourcesFiltering - skip non existing resourceDirectory C:\Users\Lea\Desktop\Uni_Stuff\Year_2\design patterns\semester 2\assignment\Game\src\test\resources
2024-04-13 18:00:18,846 [Worker-21: Building] INFO  o.a.m.s.f.DefaultMavenResourcesFiltering - skip non existing resourceDirectory C:\Users\Lea\Desktop\Uni_Stuff\Year_2\design patterns\semester 2\assignment\Game\src\main\resources
2024-04-13 18:00:18,847 [Worker-21: Building] INFO  o.a.m.s.f.DefaultMavenResourcesFiltering - skip non existing resourceDirectory C:\Users\Lea\Desktop\Uni_Stuff\Year_2\design patterns\semester 2\assignment\Game\src\test\resources
2024-04-13 18:05:36,461 [Worker-10: Building] INFO  o.a.m.s.f.DefaultMavenResourcesFiltering - skip non existing resourceDirectory C:\Users\Lea\Desktop\Uni_Stuff\Year_2\design patterns\semester 2\assignment\Game\src\main\resources
2024-04-13 18:05:36,463 [Worker-10: Building] INFO  o.a.m.s.f.DefaultMavenResourcesFiltering - skip non existing resourceDirectory C:\Users\Lea\Desktop\Uni_Stuff\Year_2\design patterns\semester 2\assignment\Game\src\test\resources
2024-04-13 18:06:04,463 [Worker-13: Building] INFO  o.a.m.s.f.DefaultMavenResourcesFiltering - skip non existing resourceDirectory C:\Users\Lea\Desktop\Uni_Stuff\Year_2\design patterns\semester 2\assignment\Game\src\main\resources
2024-04-13 18:06:04,465 [Worker-13: Building] INFO  o.a.m.s.f.DefaultMavenResourcesFiltering - skip non existing resourceDirectory C:\Users\Lea\Desktop\Uni_Stuff\Year_2\design patterns\semester 2\assignment\Game\src\test\resources
2024-04-13 18:09:19,754 [Worker-9: Building] INFO  o.a.m.s.f.DefaultMavenResourcesFiltering - skip non existing resourceDirectory C:\Users\Lea\Desktop\Uni_Stuff\Year_2\design patterns\semester 2\assignment\Game\src\main\resources
2024-04-13 18:09:19,757 [Worker-9: Building] INFO  o.a.m.s.f.DefaultMavenResourcesFiltering - skip non existing resourceDirectory C:\Users\Lea\Desktop\Uni_Stuff\Year_2\design patterns\semester 2\assignment\Game\src\test\resources
2024-04-13 18:10:22,355 [Worker-19: Building] INFO  o.a.m.s.f.DefaultMavenResourcesFiltering - skip non existing resourceDirectory C:\Users\Lea\Desktop\Uni_Stuff\Year_2\design patterns\semester 2\assignment\Game\src\main\resources
2024-04-13 18:10:22,357 [Worker-19: Building] INFO  o.a.m.s.f.DefaultMavenResourcesFiltering - skip non existing resourceDirectory C:\Users\Lea\Desktop\Uni_Stuff\Year_2\design patterns\semester 2\assignment\Game\src\test\resources
2024-04-13 18:10:45,180 [Worker-13: Building] INFO  o.a.m.s.f.DefaultMavenResourcesFiltering - skip non existing resourceDirectory C:\Users\Lea\Desktop\Uni_Stuff\Year_2\design patterns\semester 2\assignment\Game\src\main\resources
2024-04-13 18:10:45,182 [Worker-13: Building] INFO  o.a.m.s.f.DefaultMavenResourcesFiltering - skip non existing resourceDirectory C:\Users\Lea\Desktop\Uni_Stuff\Year_2\design patterns\semester 2\assignment\Game\src\test\resources
2024-04-13 18:12:18,624 [Worker-14: Building] INFO  o.a.m.s.f.DefaultMavenResourcesFiltering - skip non existing resourceDirectory C:\Users\Lea\Desktop\Uni_Stuff\Year_2\design patterns\semester 2\assignment\Game\src\main\resources
2024-04-13 18:12:18,625 [Worker-14: Building] INFO  o.a.m.s.f.DefaultMavenResourcesFiltering - skip non existing resourceDirectory C:\Users\Lea\Desktop\Uni_Stuff\Year_2\design patterns\semester 2\assignment\Game\src\test\resources
2024-04-13 18:12:36,957 [Worker-19: Building] INFO  o.a.m.s.f.DefaultMavenResourcesFiltering - skip non existing resourceDirectory C:\Users\Lea\Desktop\Uni_Stuff\Year_2\design patterns\semester 2\assignment\Game\src\main\resources
2024-04-13 18:12:36,959 [Worker-19: Building] INFO  o.a.m.s.f.DefaultMavenResourcesFiltering - skip non existing resourceDirectory C:\Users\Lea\Desktop\Uni_Stuff\Year_2\design patterns\semester 2\assignment\Game\src\test\resources
2024-04-13 18:47:14,693 [Worker-30: Building] INFO  o.a.m.s.f.DefaultMavenResourcesFiltering - skip non existing resourceDirectory C:\Users\Lea\Desktop\Uni_Stuff\Year_2\design patterns\semester 2\assignment\Game\src\main\resources
2024-04-13 18:47:14,696 [Worker-30: Building] INFO  o.a.m.s.f.DefaultMavenResourcesFiltering - skip non existing resourceDirectory C:\Users\Lea\Desktop\Uni_Stuff\Year_2\design patterns\semester 2\assignment\Game\src\test\resources
2024-04-13 18:48:03,746 [Worker-19: Building] INFO  o.a.m.s.f.DefaultMavenResourcesFiltering - skip non existing resourceDirectory C:\Users\Lea\Desktop\Uni_Stuff\Year_2\design patterns\semester 2\assignment\Game\src\main\resources
2024-04-13 18:48:03,748 [Worker-19: Building] INFO  o.a.m.s.f.DefaultMavenResourcesFiltering - skip non existing resourceDirectory C:\Users\Lea\Desktop\Uni_Stuff\Year_2\design patterns\semester 2\assignment\Game\src\test\resources
2024-04-13 18:51:36,710 [Worker-5: Building] INFO  o.a.m.s.f.DefaultMavenResourcesFiltering - skip non existing resourceDirectory C:\Users\Lea\Desktop\Uni_Stuff\Year_2\design patterns\semester 2\assignment\Game\src\main\resources
2024-04-13 18:51:36,711 [Worker-5: Building] INFO  o.a.m.s.f.DefaultMavenResourcesFiltering - skip non existing resourceDirectory C:\Users\Lea\Desktop\Uni_Stuff\Year_2\design patterns\semester 2\assignment\Game\src\test\resources
2024-04-13 18:55:33,715 [Worker-5: Building] INFO  o.a.m.s.f.DefaultMavenResourcesFiltering - skip non existing resourceDirectory C:\Users\Lea\Desktop\Uni_Stuff\Year_2\design patterns\semester 2\assignment\Game\src\main\resources
2024-04-13 18:55:33,717 [Worker-5: Building] INFO  o.a.m.s.f.DefaultMavenResourcesFiltering - skip non existing resourceDirectory C:\Users\Lea\Desktop\Uni_Stuff\Year_2\design patterns\semester 2\assignment\Game\src\test\resources
2024-04-13 18:55:51,972 [Worker-33: Building] INFO  o.a.m.s.f.DefaultMavenResourcesFiltering - skip non existing resourceDirectory C:\Users\Lea\Desktop\Uni_Stuff\Year_2\design patterns\semester 2\assignment\Game\src\main\resources
2024-04-13 18:55:51,973 [Worker-33: Building] INFO  o.a.m.s.f.DefaultMavenResourcesFiltering - skip non existing resourceDirectory C:\Users\Lea\Desktop\Uni_Stuff\Year_2\design patterns\semester 2\assignment\Game\src\test\resources
2024-04-13 19:01:43,404 [Worker-5: Building] INFO  o.a.m.s.f.DefaultMavenResourcesFiltering - skip non existing resourceDirectory C:\Users\Lea\Desktop\Uni_Stuff\Year_2\design patterns\semester 2\assignment\Game\src\main\resources
2024-04-13 19:01:43,406 [Worker-5: Building] INFO  o.a.m.s.f.DefaultMavenResourcesFiltering - skip non existing resourceDirectory C:\Users\Lea\Desktop\Uni_Stuff\Year_2\design patterns\semester 2\assignment\Game\src\test\resources
2024-04-13 19:08:04,560 [Worker-5: Building] INFO  o.a.m.s.f.DefaultMavenResourcesFiltering - skip non existing resourceDirectory C:\Users\Lea\Desktop\Uni_Stuff\Year_2\design patterns\semester 2\assignment\Game\src\main\resources
2024-04-13 19:08:04,561 [Worker-5: Building] INFO  o.a.m.s.f.DefaultMavenResourcesFiltering - skip non existing resourceDirectory C:\Users\Lea\Desktop\Uni_Stuff\Year_2\design patterns\semester 2\assignment\Game\src\test\resources
2024-04-13 19:33:31,212 [Worker-34: Building] INFO  o.a.m.s.f.DefaultMavenResourcesFiltering - skip non existing resourceDirectory C:\Users\Lea\Desktop\Uni_Stuff\Year_2\design patterns\semester 2\assignment\Game\src\main\resources
2024-04-13 19:33:31,214 [Worker-34: Building] INFO  o.a.m.s.f.DefaultMavenResourcesFiltering - skip non existing resourceDirectory C:\Users\Lea\Desktop\Uni_Stuff\Year_2\design patterns\semester 2\assignment\Game\src\test\resources
2024-04-13 19:33:46,025 [Worker-5: Building] INFO  o.a.m.s.f.DefaultMavenResourcesFiltering - skip non existing resourceDirectory C:\Users\Lea\Desktop\Uni_Stuff\Year_2\design patterns\semester 2\assignment\Game\src\main\resources
2024-04-13 19:33:46,027 [Worker-5: Building] INFO  o.a.m.s.f.DefaultMavenResourcesFiltering - skip non existing resourceDirectory C:\Users\Lea\Desktop\Uni_Stuff\Year_2\design patterns\semester 2\assignment\Game\src\test\resources
2024-04-13 19:35:19,992 [Worker-34: Building] INFO  o.a.m.s.f.DefaultMavenResourcesFiltering - skip non existing resourceDirectory C:\Users\Lea\Desktop\Uni_Stuff\Year_2\design patterns\semester 2\assignment\Game\src\main\resources
2024-04-13 19:35:19,995 [Worker-34: Building] INFO  o.a.m.s.f.DefaultMavenResourcesFiltering - skip non existing resourceDirectory C:\Users\Lea\Desktop\Uni_Stuff\Year_2\design patterns\semester 2\assignment\Game\src\test\resources
2024-04-13 19:35:45,044 [Worker-35: Building] INFO  o.a.m.s.f.DefaultMavenResourcesFiltering - skip non existing resourceDirectory C:\Users\Lea\Desktop\Uni_Stuff\Year_2\design patterns\semester 2\assignment\Game\src\main\resources
2024-04-13 19:35:45,045 [Worker-35: Building] INFO  o.a.m.s.f.DefaultMavenResourcesFiltering - skip non existing resourceDirectory C:\Users\Lea\Desktop\Uni_Stuff\Year_2\design patterns\semester 2\assignment\Game\src\test\resources
2024-04-13 19:42:59,450 [Worker-34: Building] INFO  o.a.m.s.f.DefaultMavenResourcesFiltering - skip non existing resourceDirectory C:\Users\Lea\Desktop\Uni_Stuff\Year_2\design patterns\semester 2\assignment\Game\src\main\resources
2024-04-13 19:42:59,451 [Worker-34: Building] INFO  o.a.m.s.f.DefaultMavenResourcesFiltering - skip non existing resourceDirectory C:\Users\Lea\Desktop\Uni_Stuff\Year_2\design patterns\semester 2\assignment\Game\src\test\resources
2024-04-13 19:45:44,977 [Worker-35: Building] INFO  o.a.m.s.f.DefaultMavenResourcesFiltering - skip non existing resourceDirectory C:\Users\Lea\Desktop\Uni_Stuff\Year_2\design patterns\semester 2\assignment\Game\src\main\resources
2024-04-13 19:45:44,978 [Worker-35: Building] INFO  o.a.m.s.f.DefaultMavenResourcesFiltering - skip non existing resourceDirectory C:\Users\Lea\Desktop\Uni_Stuff\Year_2\design patterns\semester 2\assignment\Game\src\test\resources
2024-04-13 20:00:40,563 [Worker-5: Building] INFO  o.a.m.s.f.DefaultMavenResourcesFiltering - skip non existing resourceDirectory C:\Users\Lea\Desktop\Uni_Stuff\Year_2\design patterns\semester 2\assignment\Game\src\main\resources
2024-04-13 20:00:40,564 [Worker-5: Building] INFO  o.a.m.s.f.DefaultMavenResourcesFiltering - skip non existing resourceDirectory C:\Users\Lea\Desktop\Uni_Stuff\Year_2\design patterns\semester 2\assignment\Game\src\test\resources
2024-04-13 20:04:07,192 [Worker-42: Building] INFO  o.a.m.s.f.DefaultMavenResourcesFiltering - skip non existing resourceDirectory C:\Users\Lea\Desktop\Uni_Stuff\Year_2\design patterns\semester 2\assignment\Game\src\main\resources
2024-04-13 20:04:07,193 [Worker-42: Building] INFO  o.a.m.s.f.DefaultMavenResourcesFiltering - skip non existing resourceDirectory C:\Users\Lea\Desktop\Uni_Stuff\Year_2\design patterns\semester 2\assignment\Game\src\test\resources
2024-04-13 20:05:12,445 [Worker-42: Building] INFO  o.a.m.s.f.DefaultMavenResourcesFiltering - skip non existing resourceDirectory C:\Users\Lea\Desktop\Uni_Stuff\Year_2\design patterns\semester 2\assignment\Game\src\main\resources
2024-04-13 20:05:12,446 [Worker-42: Building] INFO  o.a.m.s.f.DefaultMavenResourcesFiltering - skip non existing resourceDirectory C:\Users\Lea\Desktop\Uni_Stuff\Year_2\design patterns\semester 2\assignment\Game\src\test\resources
2024-04-13 20:05:29,683 [Worker-5: Building] INFO  o.a.m.s.f.DefaultMavenResourcesFiltering - skip non existing resourceDirectory C:\Users\Lea\Desktop\Uni_Stuff\Year_2\design patterns\semester 2\assignment\Game\src\main\resources
2024-04-13 20:05:29,684 [Worker-5: Building] INFO  o.a.m.s.f.DefaultMavenResourcesFiltering - skip non existing resourceDirectory C:\Users\Lea\Desktop\Uni_Stuff\Year_2\design patterns\semester 2\assignment\Game\src\test\resources
2024-04-13 20:06:08,280 [Worker-5: Building] INFO  o.a.m.s.f.DefaultMavenResourcesFiltering - skip non existing resourceDirectory C:\Users\Lea\Desktop\Uni_Stuff\Year_2\design patterns\semester 2\assignment\Game\src\main\resources
2024-04-13 20:06:08,283 [Worker-5: Building] INFO  o.a.m.s.f.DefaultMavenResourcesFiltering - skip non existing resourceDirectory C:\Users\Lea\Desktop\Uni_Stuff\Year_2\design patterns\semester 2\assignment\Game\src\test\resources
2024-04-13 20:06:42,679 [Worker-35: Building] INFO  o.a.m.s.f.DefaultMavenResourcesFiltering - skip non existing resourceDirectory C:\Users\Lea\Desktop\Uni_Stuff\Year_2\design patterns\semester 2\assignment\Game\src\main\resources
2024-04-13 20:06:42,680 [Worker-35: Building] INFO  o.a.m.s.f.DefaultMavenResourcesFiltering - skip non existing resourceDirectory C:\Users\Lea\Desktop\Uni_Stuff\Year_2\design patterns\semester 2\assignment\Game\src\test\resources
2024-04-13 20:09:39,692 [Worker-41: Building] INFO  o.a.m.s.f.DefaultMavenResourcesFiltering - skip non existing resourceDirectory C:\Users\Lea\Desktop\Uni_Stuff\Year_2\design patterns\semester 2\assignment\Game\src\main\resources
2024-04-13 20:09:39,693 [Worker-41: Building] INFO  o.a.m.s.f.DefaultMavenResourcesFiltering - skip non existing resourceDirectory C:\Users\Lea\Desktop\Uni_Stuff\Year_2\design patterns\semester 2\assignment\Game\src\test\resources
2024-04-13 20:10:55,835 [Worker-41: Building] INFO  o.a.m.s.f.DefaultMavenResourcesFiltering - skip non existing resourceDirectory C:\Users\Lea\Desktop\Uni_Stuff\Year_2\design patterns\semester 2\assignment\Game\src\main\resources
2024-04-13 20:10:55,836 [Worker-41: Building] INFO  o.a.m.s.f.DefaultMavenResourcesFiltering - skip non existing resourceDirectory C:\Users\Lea\Desktop\Uni_Stuff\Year_2\design patterns\semester 2\assignment\Game\src\test\resources
2024-04-13 20:11:10,855 [Worker-40: Building] INFO  o.a.m.s.f.DefaultMavenResourcesFiltering - skip non existing resourceDirectory C:\Users\Lea\Desktop\Uni_Stuff\Year_2\design patterns\semester 2\assignment\Game\src\main\resources
2024-04-13 20:11:10,857 [Worker-40: Building] INFO  o.a.m.s.f.DefaultMavenResourcesFiltering - skip non existing resourceDirectory C:\Users\Lea\Desktop\Uni_Stuff\Year_2\design patterns\semester 2\assignment\Game\src\test\resources
2024-04-13 20:28:08,403 [Worker-43: Building] INFO  o.a.m.s.f.DefaultMavenResourcesFiltering - skip non existing resourceDirectory C:\Users\Lea\Desktop\Uni_Stuff\Year_2\design patterns\semester 2\assignment\Game\src\main\resources
2024-04-13 20:28:08,404 [Worker-43: Building] INFO  o.a.m.s.f.DefaultMavenResourcesFiltering - skip non existing resourceDirectory C:\Users\Lea\Desktop\Uni_Stuff\Year_2\design patterns\semester 2\assignment\Game\src\test\resources
2024-04-13 20:28:38,669 [Worker-43: Building] INFO  o.a.m.s.f.DefaultMavenResourcesFiltering - skip non existing resourceDirectory C:\Users\Lea\Desktop\Uni_Stuff\Year_2\design patterns\semester 2\assignment\Game\src\main\resources
2024-04-13 20:28:38,670 [Worker-43: Building] INFO  o.a.m.s.f.DefaultMavenResourcesFiltering - skip non existing resourceDirectory C:\Users\Lea\Desktop\Uni_Stuff\Year_2\design patterns\semester 2\assignment\Game\src\test\resources
2024-04-13 20:29:28,567 [Worker-42: Building] INFO  o.a.m.s.f.DefaultMavenResourcesFiltering - skip non existing resourceDirectory C:\Users\Lea\Desktop\Uni_Stuff\Year_2\design patterns\semester 2\assignment\Game\src\main\resources
2024-04-13 20:29:28,569 [Worker-42: Building] INFO  o.a.m.s.f.DefaultMavenResourcesFiltering - skip non existing resourceDirectory C:\Users\Lea\Desktop\Uni_Stuff\Year_2\design patterns\semester 2\assignment\Game\src\test\resources
2024-04-13 20:30:08,790 [Worker-42: Building] INFO  o.a.m.s.f.DefaultMavenResourcesFiltering - skip non existing resourceDirectory C:\Users\Lea\Desktop\Uni_Stuff\Year_2\design patterns\semester 2\assignment\Game\src\main\resources
2024-04-13 20:30:08,792 [Worker-42: Building] INFO  o.a.m.s.f.DefaultMavenResourcesFiltering - skip non existing resourceDirectory C:\Users\Lea\Desktop\Uni_Stuff\Year_2\design patterns\semester 2\assignment\Game\src\test\resources
2024-04-13 20:45:34,851 [Worker-41: Building] INFO  o.a.m.s.f.DefaultMavenResourcesFiltering - skip non existing resourceDirectory C:\Users\Lea\Desktop\Uni_Stuff\Year_2\design patterns\semester 2\assignment\Game\src\main\resources
2024-04-13 20:45:34,852 [Worker-41: Building] INFO  o.a.m.s.f.DefaultMavenResourcesFiltering - skip non existing resourceDirectory C:\Users\Lea\Desktop\Uni_Stuff\Year_2\design patterns\semester 2\assignment\Game\src\test\resources
2024-04-13 20:50:41,791 [Worker-45: Building] INFO  o.a.m.s.f.DefaultMavenResourcesFiltering - skip non existing resourceDirectory C:\Users\Lea\Desktop\Uni_Stuff\Year_2\design patterns\semester 2\assignment\Game\src\main\resources
2024-04-13 20:50:41,792 [Worker-45: Building] INFO  o.a.m.s.f.DefaultMavenResourcesFiltering - skip non existing resourceDirectory C:\Users\Lea\Desktop\Uni_Stuff\Year_2\design patterns\semester 2\assignment\Game\src\test\resources
2024-04-13 20:54:29,507 [Worker-5: Building] INFO  o.a.m.s.f.DefaultMavenResourcesFiltering - skip non existing resourceDirectory C:\Users\Lea\Desktop\Uni_Stuff\Year_2\design patterns\semester 2\assignment\Game\src\main\resources
2024-04-13 20:54:29,509 [Worker-5: Building] INFO  o.a.m.s.f.DefaultMavenResourcesFiltering - skip non existing resourceDirectory C:\Users\Lea\Desktop\Uni_Stuff\Year_2\design patterns\semester 2\assignment\Game\src\test\resources
2024-04-13 20:55:36,638 [Worker-45: Building] INFO  o.a.m.s.f.DefaultMavenResourcesFiltering - skip non existing resourceDirectory C:\Users\Lea\Desktop\Uni_Stuff\Year_2\design patterns\semester 2\assignment\Game\src\main\resources
2024-04-13 20:55:36,639 [Worker-45: Building] INFO  o.a.m.s.f.DefaultMavenResourcesFiltering - skip non existing resourceDirectory C:\Users\Lea\Desktop\Uni_Stuff\Year_2\design patterns\semester 2\assignment\Game\src\test\resources
2024-04-13 20:56:48,983 [Worker-46: Building] INFO  o.a.m.s.f.DefaultMavenResourcesFiltering - skip non existing resourceDirectory C:\Users\Lea\Desktop\Uni_Stuff\Year_2\design patterns\semester 2\assignment\Game\src\main\resources
2024-04-13 20:56:48,984 [Worker-46: Building] INFO  o.a.m.s.f.DefaultMavenResourcesFiltering - skip non existing resourceDirectory C:\Users\Lea\Desktop\Uni_Stuff\Year_2\design patterns\semester 2\assignment\Game\src\test\resources
2024-04-13 20:57:25,378 [Worker-45: Building] INFO  o.a.m.s.f.DefaultMavenResourcesFiltering - skip non existing resourceDirectory C:\Users\Lea\Desktop\Uni_Stuff\Year_2\design patterns\semester 2\assignment\Game\src\main\resources
2024-04-13 20:57:25,379 [Worker-45: Building] INFO  o.a.m.s.f.DefaultMavenResourcesFiltering - skip non existing resourceDirectory C:\Users\Lea\Desktop\Uni_Stuff\Year_2\design patterns\semester 2\assignment\Game\src\test\resources
2024-04-13 21:00:09,940 [Worker-5: Building] INFO  o.a.m.s.f.DefaultMavenResourcesFiltering - skip non existing resourceDirectory C:\Users\Lea\Desktop\Uni_Stuff\Year_2\design patterns\semester 2\assignment\Game\src\main\resources
2024-04-13 21:00:09,941 [Worker-5: Building] INFO  o.a.m.s.f.DefaultMavenResourcesFiltering - skip non existing resourceDirectory C:\Users\Lea\Desktop\Uni_Stuff\Year_2\design patterns\semester 2\assignment\Game\src\test\resources
2024-04-13 21:01:37,074 [Worker-5: Building] INFO  o.a.m.s.f.DefaultMavenResourcesFiltering - skip non existing resourceDirectory C:\Users\Lea\Desktop\Uni_Stuff\Year_2\design patterns\semester 2\assignment\Game\src\main\resources
2024-04-13 21:01:37,075 [Worker-5: Building] INFO  o.a.m.s.f.DefaultMavenResourcesFiltering - skip non existing resourceDirectory C:\Users\Lea\Desktop\Uni_Stuff\Year_2\design patterns\semester 2\assignment\Game\src\test\resources
2024-04-13 21:22:03,728 [Worker-45: Building] INFO  o.a.m.s.f.DefaultMavenResourcesFiltering - skip non existing resourceDirectory C:\Users\Lea\Desktop\Uni_Stuff\Year_2\design patterns\semester 2\assignment\Game\src\main\resources
2024-04-13 21:22:03,729 [Worker-45: Building] INFO  o.a.m.s.f.DefaultMavenResourcesFiltering - skip non existing resourceDirectory C:\Users\Lea\Desktop\Uni_Stuff\Year_2\design patterns\semester 2\assignment\Game\src\test\resources
2024-04-13 21:23:01,683 [Worker-45: Building] INFO  o.a.m.s.f.DefaultMavenResourcesFiltering - skip non existing resourceDirectory C:\Users\Lea\Desktop\Uni_Stuff\Year_2\design patterns\semester 2\assignment\Game\src\main\resources
2024-04-13 21:23:01,683 [Worker-45: Building] INFO  o.a.m.s.f.DefaultMavenResourcesFiltering - skip non existing resourceDirectory C:\Users\Lea\Desktop\Uni_Stuff\Year_2\design patterns\semester 2\assignment\Game\src\test\resources
2024-04-13 21:30:16,361 [Worker-50: Building] INFO  o.a.m.s.f.DefaultMavenResourcesFiltering - skip non existing resourceDirectory C:\Users\Lea\Desktop\Uni_Stuff\Year_2\design patterns\semester 2\assignment\Game\src\main\resources
2024-04-13 21:30:16,363 [Worker-50: Building] INFO  o.a.m.s.f.DefaultMavenResourcesFiltering - skip non existing resourceDirectory C:\Users\Lea\Desktop\Uni_Stuff\Year_2\design patterns\semester 2\assignment\Game\src\test\resources
2024-04-13 21:37:03,265 [Worker-51: Building] INFO  o.a.m.s.f.DefaultMavenResourcesFiltering - skip non existing resourceDirectory C:\Users\Lea\Desktop\Uni_Stuff\Year_2\design patterns\semester 2\assignment\Game\src\main\resources
2024-04-13 21:37:03,267 [Worker-51: Building] INFO  o.a.m.s.f.DefaultMavenResourcesFiltering - skip non existing resourceDirectory C:\Users\Lea\Desktop\Uni_Stuff\Year_2\design patterns\semester 2\assignment\Game\src\test\resources
2024-04-14 17:42:13,231 [Worker-1: Loading available Gradle versions] INFO  o.e.b.c.i.u.g.PublishedGradleVersions - Gradle version information cache is out-of-date. Trying to update.
2024-04-14 17:48:29,027 [Worker-23: Building] INFO  o.a.m.s.f.DefaultMavenResourcesFiltering - skip non existing resourceDirectory C:\Users\Lea\Desktop\Uni_Stuff\Year_2\design patterns\semester 2\assignment\Game\src\main\resources
2024-04-14 17:48:29,032 [Worker-23: Building] INFO  o.a.m.s.f.DefaultMavenResourcesFiltering - skip non existing resourceDirectory C:\Users\Lea\Desktop\Uni_Stuff\Year_2\design patterns\semester 2\assignment\Game\src\test\resources
2024-04-14 18:11:08,720 [Worker-33: Building] INFO  o.a.m.s.f.DefaultMavenResourcesFiltering - skip non existing resourceDirectory C:\Users\Lea\Desktop\Uni_Stuff\Year_2\design patterns\semester 2\assignment\Game\src\main\resources
2024-04-14 18:11:08,722 [Worker-33: Building] INFO  o.a.m.s.f.DefaultMavenResourcesFiltering - skip non existing resourceDirectory C:\Users\Lea\Desktop\Uni_Stuff\Year_2\design patterns\semester 2\assignment\Game\src\test\resources
2024-04-14 18:22:18,455 [Worker-35: Building] INFO  o.a.m.s.f.DefaultMavenResourcesFiltering - skip non existing resourceDirectory C:\Users\Lea\Desktop\Uni_Stuff\Year_2\design patterns\semester 2\assignment\Game\src\main\resources
2024-04-14 18:22:18,457 [Worker-35: Building] INFO  o.a.m.s.f.DefaultMavenResourcesFiltering - skip non existing resourceDirectory C:\Users\Lea\Desktop\Uni_Stuff\Year_2\design patterns\semester 2\assignment\Game\src\test\resources
2024-04-14 18:24:45,810 [Worker-35: Building] INFO  o.a.m.s.f.DefaultMavenResourcesFiltering - skip non existing resourceDirectory C:\Users\Lea\Desktop\Uni_Stuff\Year_2\design patterns\semester 2\assignment\Game\src\main\resources
2024-04-14 18:24:45,812 [Worker-35: Building] INFO  o.a.m.s.f.DefaultMavenResourcesFiltering - skip non existing resourceDirectory C:\Users\Lea\Desktop\Uni_Stuff\Year_2\design patterns\semester 2\assignment\Game\src\test\resources
2024-04-14 18:27:24,851 [Worker-38: Building] INFO  o.a.m.s.f.DefaultMavenResourcesFiltering - skip non existing resourceDirectory C:\Users\Lea\Desktop\Uni_Stuff\Year_2\design patterns\semester 2\assignment\Game\src\main\resources
2024-04-14 18:27:24,853 [Worker-38: Building] INFO  o.a.m.s.f.DefaultMavenResourcesFiltering - skip non existing resourceDirectory C:\Users\Lea\Desktop\Uni_Stuff\Year_2\design patterns\semester 2\assignment\Game\src\test\resources
2024-04-14 18:29:44,799 [Worker-38: Building] INFO  o.a.m.s.f.DefaultMavenResourcesFiltering - skip non existing resourceDirectory C:\Users\Lea\Desktop\Uni_Stuff\Year_2\design patterns\semester 2\assignment\Game\src\main\resources
2024-04-14 18:29:44,802 [Worker-38: Building] INFO  o.a.m.s.f.DefaultMavenResourcesFiltering - skip non existing resourceDirectory C:\Users\Lea\Desktop\Uni_Stuff\Year_2\design patterns\semester 2\assignment\Game\src\test\resources
2024-04-14 19:39:34,835 [Worker-45: Building] INFO  o.a.m.s.f.DefaultMavenResourcesFiltering - skip non existing resourceDirectory C:\Users\Lea\Desktop\Uni_Stuff\Year_2\design patterns\semester 2\assignment\Game\src\main\resources
2024-04-14 19:39:34,836 [Worker-45: Building] INFO  o.a.m.s.f.DefaultMavenResourcesFiltering - skip non existing resourceDirectory C:\Users\Lea\Desktop\Uni_Stuff\Year_2\design patterns\semester 2\assignment\Game\src\test\resources
2024-04-14 19:46:38,902 [Worker-49: Building] INFO  o.a.m.s.f.DefaultMavenResourcesFiltering - skip non existing resourceDirectory C:\Users\Lea\Desktop\Uni_Stuff\Year_2\design patterns\semester 2\assignment\Game\src\main\resources
2024-04-14 19:46:38,904 [Worker-49: Building] INFO  o.a.m.s.f.DefaultMavenResourcesFiltering - skip non existing resourceDirectory C:\Users\Lea\Desktop\Uni_Stuff\Year_2\design patterns\semester 2\assignment\Game\src\test\resources
2024-04-14 19:52:07,467 [Worker-45: Building] INFO  o.a.m.s.f.DefaultMavenResourcesFiltering - skip non existing resourceDirectory C:\Users\Lea\Desktop\Uni_Stuff\Year_2\design patterns\semester 2\assignment\Game\src\main\resources
2024-04-14 19:52:07,469 [Worker-45: Building] INFO  o.a.m.s.f.DefaultMavenResourcesFiltering - skip non existing resourceDirectory C:\Users\Lea\Desktop\Uni_Stuff\Year_2\design patterns\semester 2\assignment\Game\src\test\resources
2024-04-14 19:52:55,880 [Worker-54: Building] INFO  o.a.m.s.f.DefaultMavenResourcesFiltering - skip non existing resourceDirectory C:\Users\Lea\Desktop\Uni_Stuff\Year_2\design patterns\semester 2\assignment\Game\src\main\resources
2024-04-14 19:52:55,882 [Worker-54: Building] INFO  o.a.m.s.f.DefaultMavenResourcesFiltering - skip non existing resourceDirectory C:\Users\Lea\Desktop\Uni_Stuff\Year_2\design patterns\semester 2\assignment\Game\src\test\resources
2024-04-14 19:53:30,702 [Worker-45: Building] INFO  o.a.m.s.f.DefaultMavenResourcesFiltering - skip non existing resourceDirectory C:\Users\Lea\Desktop\Uni_Stuff\Year_2\design patterns\semester 2\assignment\Game\src\main\resources
2024-04-14 19:53:30,704 [Worker-45: Building] INFO  o.a.m.s.f.DefaultMavenResourcesFiltering - skip non existing resourceDirectory C:\Users\Lea\Desktop\Uni_Stuff\Year_2\design patterns\semester 2\assignment\Game\src\test\resources
2024-04-14 19:53:42,775 [Worker-55: Building] INFO  o.a.m.s.f.DefaultMavenResourcesFiltering - skip non existing resourceDirectory C:\Users\Lea\Desktop\Uni_Stuff\Year_2\design patterns\semester 2\assignment\Game\src\main\resources
2024-04-14 19:53:42,776 [Worker-55: Building] INFO  o.a.m.s.f.DefaultMavenResourcesFiltering - skip non existing resourceDirectory C:\Users\Lea\Desktop\Uni_Stuff\Year_2\design patterns\semester 2\assignment\Game\src\test\resources
2024-04-14 20:20:09,225 [Worker-59: Building] INFO  o.a.m.s.f.DefaultMavenResourcesFiltering - skip non existing resourceDirectory C:\Users\Lea\Desktop\Uni_Stuff\Year_2\design patterns\semester 2\assignment\Game\src\main\resources
2024-04-14 20:20:09,226 [Worker-59: Building] INFO  o.a.m.s.f.DefaultMavenResourcesFiltering - skip non existing resourceDirectory C:\Users\Lea\Desktop\Uni_Stuff\Year_2\design patterns\semester 2\assignment\Game\src\test\resources
2024-04-14 20:20:39,134 [Worker-63: Building] INFO  o.a.m.s.f.DefaultMavenResourcesFiltering - skip non existing resourceDirectory C:\Users\Lea\Desktop\Uni_Stuff\Year_2\design patterns\semester 2\assignment\Game\src\main\resources
2024-04-14 20:20:39,136 [Worker-63: Building] INFO  o.a.m.s.f.DefaultMavenResourcesFiltering - skip non existing resourceDirectory C:\Users\Lea\Desktop\Uni_Stuff\Year_2\design patterns\semester 2\assignment\Game\src\test\resources
2024-04-14 20:22:04,891 [Worker-64: Building] INFO  o.a.m.s.f.DefaultMavenResourcesFiltering - skip non existing resourceDirectory C:\Users\Lea\Desktop\Uni_Stuff\Year_2\design patterns\semester 2\assignment\Game\src\main\resources
2024-04-14 20:22:04,894 [Worker-64: Building] INFO  o.a.m.s.f.DefaultMavenResourcesFiltering - skip non existing resourceDirectory C:\Users\Lea\Desktop\Uni_Stuff\Year_2\design patterns\semester 2\assignment\Game\src\test\resources
2024-04-14 20:22:30,859 [Worker-64: Building] INFO  o.a.m.s.f.DefaultMavenResourcesFiltering - skip non existing resourceDirectory C:\Users\Lea\Desktop\Uni_Stuff\Year_2\design patterns\semester 2\assignment\Game\src\main\resources
2024-04-14 20:22:30,861 [Worker-64: Building] INFO  o.a.m.s.f.DefaultMavenResourcesFiltering - skip non existing resourceDirectory C:\Users\Lea\Desktop\Uni_Stuff\Year_2\design patterns\semester 2\assignment\Game\src\test\resources
2024-04-14 20:24:28,196 [Worker-61: Building] INFO  o.a.m.s.f.DefaultMavenResourcesFiltering - skip non existing resourceDirectory C:\Users\Lea\Desktop\Uni_Stuff\Year_2\design patterns\semester 2\assignment\Game\src\main\resources
2024-04-14 20:24:28,197 [Worker-61: Building] INFO  o.a.m.s.f.DefaultMavenResourcesFiltering - skip non existing resourceDirectory C:\Users\Lea\Desktop\Uni_Stuff\Year_2\design patterns\semester 2\assignment\Game\src\test\resources
2024-04-14 20:37:05,878 [Worker-60: Building] INFO  o.a.m.s.f.DefaultMavenResourcesFiltering - skip non existing resourceDirectory C:\Users\Lea\Desktop\Uni_Stuff\Year_2\design patterns\semester 2\assignment\Game\src\main\resources
2024-04-14 20:37:05,879 [Worker-60: Building] INFO  o.a.m.s.f.DefaultMavenResourcesFiltering - skip non existing resourceDirectory C:\Users\Lea\Desktop\Uni_Stuff\Year_2\design patterns\semester 2\assignment\Game\src\test\resources
2024-04-14 20:37:28,560 [Worker-65: Building] INFO  o.a.m.s.f.DefaultMavenResourcesFiltering - skip non existing resourceDirectory C:\Users\Lea\Desktop\Uni_Stuff\Year_2\design patterns\semester 2\assignment\Game\src\main\resources
2024-04-14 20:37:28,562 [Worker-65: Building] INFO  o.a.m.s.f.DefaultMavenResourcesFiltering - skip non existing resourceDirectory C:\Users\Lea\Desktop\Uni_Stuff\Year_2\design patterns\semester 2\assignment\Game\src\test\resources
2024-04-14 20:44:42,661 [Worker-68: Building] INFO  o.a.m.s.f.DefaultMavenResourcesFiltering - skip non existing resourceDirectory C:\Users\Lea\Desktop\Uni_Stuff\Year_2\design patterns\semester 2\assignment\Game\src\main\resources
2024-04-14 20:44:42,664 [Worker-68: Building] INFO  o.a.m.s.f.DefaultMavenResourcesFiltering - skip non existing resourceDirectory C:\Users\Lea\Desktop\Uni_Stuff\Year_2\design patterns\semester 2\assignment\Game\src\test\resources
2024-04-14 21:01:43,103 [Worker-71: Building] INFO  o.a.m.s.f.DefaultMavenResourcesFiltering - skip non existing resourceDirectory C:\Users\Lea\Desktop\Uni_Stuff\Year_2\design patterns\semester 2\assignment\Game\src\main\resources
2024-04-14 21:01:43,105 [Worker-71: Building] INFO  o.a.m.s.f.DefaultMavenResourcesFiltering - skip non existing resourceDirectory C:\Users\Lea\Desktop\Uni_Stuff\Year_2\design patterns\semester 2\assignment\Game\src\test\resources
2024-04-14 21:04:24,145 [Worker-69: Building] INFO  o.a.m.s.f.DefaultMavenResourcesFiltering - skip non existing resourceDirectory C:\Users\Lea\Desktop\Uni_Stuff\Year_2\design patterns\semester 2\assignment\Game\src\main\resources
2024-04-14 21:04:24,148 [Worker-69: Building] INFO  o.a.m.s.f.DefaultMavenResourcesFiltering - skip non existing resourceDirectory C:\Users\Lea\Desktop\Uni_Stuff\Year_2\design patterns\semester 2\assignment\Game\src\test\resources
2024-04-14 21:05:34,628 [Worker-72: Building] INFO  o.a.m.s.f.DefaultMavenResourcesFiltering - skip non existing resourceDirectory C:\Users\Lea\Desktop\Uni_Stuff\Year_2\design patterns\semester 2\assignment\Game\src\main\resources
2024-04-14 21:05:34,629 [Worker-72: Building] INFO  o.a.m.s.f.DefaultMavenResourcesFiltering - skip non existing resourceDirectory C:\Users\Lea\Desktop\Uni_Stuff\Year_2\design patterns\semester 2\assignment\Game\src\test\resources
2024-04-14 21:06:08,189 [Worker-75: Building] INFO  o.a.m.s.f.DefaultMavenResourcesFiltering - skip non existing resourceDirectory C:\Users\Lea\Desktop\Uni_Stuff\Year_2\design patterns\semester 2\assignment\Game\src\main\resources
2024-04-14 21:06:08,190 [Worker-75: Building] INFO  o.a.m.s.f.DefaultMavenResourcesFiltering - skip non existing resourceDirectory C:\Users\Lea\Desktop\Uni_Stuff\Year_2\design patterns\semester 2\assignment\Game\src\test\resources
2024-04-14 21:08:06,407 [Worker-73: Building] INFO  o.a.m.s.f.DefaultMavenResourcesFiltering - skip non existing resourceDirectory C:\Users\Lea\Desktop\Uni_Stuff\Year_2\design patterns\semester 2\assignment\Game\src\main\resources
2024-04-14 21:08:06,409 [Worker-73: Building] INFO  o.a.m.s.f.DefaultMavenResourcesFiltering - skip non existing resourceDirectory C:\Users\Lea\Desktop\Uni_Stuff\Year_2\design patterns\semester 2\assignment\Game\src\test\resources
2024-04-14 21:10:20,637 [Worker-77: Building] INFO  o.a.m.s.f.DefaultMavenResourcesFiltering - skip non existing resourceDirectory C:\Users\Lea\Desktop\Uni_Stuff\Year_2\design patterns\semester 2\assignment\Game\src\main\resources
2024-04-14 21:10:20,638 [Worker-77: Building] INFO  o.a.m.s.f.DefaultMavenResourcesFiltering - skip non existing resourceDirectory C:\Users\Lea\Desktop\Uni_Stuff\Year_2\design patterns\semester 2\assignment\Game\src\test\resources
2024-04-14 21:13:27,311 [Worker-76: Building] INFO  o.a.m.s.f.DefaultMavenResourcesFiltering - skip non existing resourceDirectory C:\Users\Lea\Desktop\Uni_Stuff\Year_2\design patterns\semester 2\assignment\Game\src\main\resources
2024-04-14 21:13:27,312 [Worker-76: Building] INFO  o.a.m.s.f.DefaultMavenResourcesFiltering - skip non existing resourceDirectory C:\Users\Lea\Desktop\Uni_Stuff\Year_2\design patterns\semester 2\assignment\Game\src\test\resources
2024-04-14 21:13:45,975 [Worker-77: Building] INFO  o.a.m.s.f.DefaultMavenResourcesFiltering - skip non existing resourceDirectory C:\Users\Lea\Desktop\Uni_Stuff\Year_2\design patterns\semester 2\assignment\Game\src\main\resources
2024-04-14 21:13:45,976 [Worker-77: Building] INFO  o.a.m.s.f.DefaultMavenResourcesFiltering - skip non existing resourceDirectory C:\Users\Lea\Desktop\Uni_Stuff\Year_2\design patterns\semester 2\assignment\Game\src\test\resources
2024-04-14 21:13:58,885 [Worker-77: Building] INFO  o.a.m.s.f.DefaultMavenResourcesFiltering - skip non existing resourceDirectory C:\Users\Lea\Desktop\Uni_Stuff\Year_2\design patterns\semester 2\assignment\Game\src\main\resources
2024-04-14 21:13:58,886 [Worker-77: Building] INFO  o.a.m.s.f.DefaultMavenResourcesFiltering - skip non existing resourceDirectory C:\Users\Lea\Desktop\Uni_Stuff\Year_2\design patterns\semester 2\assignment\Game\src\test\resources
2024-04-14 21:14:29,683 [Worker-74: Building] INFO  o.a.m.s.f.DefaultMavenResourcesFiltering - skip non existing resourceDirectory C:\Users\Lea\Desktop\Uni_Stuff\Year_2\design patterns\semester 2\assignment\Game\src\main\resources
2024-04-14 21:14:29,683 [Worker-74: Building] INFO  o.a.m.s.f.DefaultMavenResourcesFiltering - skip non existing resourceDirectory C:\Users\Lea\Desktop\Uni_Stuff\Year_2\design patterns\semester 2\assignment\Game\src\test\resources
2024-04-14 21:14:45,705 [Worker-76: Building] INFO  o.a.m.s.f.DefaultMavenResourcesFiltering - skip non existing resourceDirectory C:\Users\Lea\Desktop\Uni_Stuff\Year_2\design patterns\semester 2\assignment\Game\src\main\resources
2024-04-14 21:14:45,706 [Worker-76: Building] INFO  o.a.m.s.f.DefaultMavenResourcesFiltering - skip non existing resourceDirectory C:\Users\Lea\Desktop\Uni_Stuff\Year_2\design patterns\semester 2\assignment\Game\src\test\resources
2024-04-14 21:15:28,474 [Worker-79: Building] INFO  o.a.m.s.f.DefaultMavenResourcesFiltering - skip non existing resourceDirectory C:\Users\Lea\Desktop\Uni_Stuff\Year_2\design patterns\semester 2\assignment\Game\src\main\resources
2024-04-14 21:15:28,476 [Worker-79: Building] INFO  o.a.m.s.f.DefaultMavenResourcesFiltering - skip non existing resourceDirectory C:\Users\Lea\Desktop\Uni_Stuff\Year_2\design patterns\semester 2\assignment\Game\src\test\resources
2024-04-14 21:39:28,022 [Worker-2: Loading available Gradle versions] INFO  o.e.b.c.i.u.g.PublishedGradleVersions - Gradle version information cache is up-to-date. Trying to read.
2024-04-14 21:44:24,294 [Worker-3: Building] INFO  o.a.m.s.f.DefaultMavenResourcesFiltering - skip non existing resourceDirectory C:\Users\Lea\Desktop\Uni_Stuff\Year_2\design patterns\semester 2\Assessment\Assignment\Game\src\main\resources
2024-04-14 21:44:24,308 [Worker-3: Building] INFO  o.a.m.s.f.DefaultMavenResourcesFiltering - skip non existing resourceDirectory C:\Users\Lea\Desktop\Uni_Stuff\Year_2\design patterns\semester 2\Assessment\Assignment\Game\src\test\resources
2024-04-14 22:17:17,192 [Worker-34: Building] INFO  o.a.m.s.f.DefaultMavenResourcesFiltering - skip non existing resourceDirectory C:\Users\Lea\Desktop\Uni_Stuff\Year_2\design patterns\semester 2\Assessment\Assignment\Game\src\main\resources
2024-04-14 22:17:17,194 [Worker-34: Building] INFO  o.a.m.s.f.DefaultMavenResourcesFiltering - skip non existing resourceDirectory C:\Users\Lea\Desktop\Uni_Stuff\Year_2\design patterns\semester 2\Assessment\Assignment\Game\src\test\resources
2024-04-14 22:28:35,055 [Worker-39: Building] INFO  o.a.m.s.f.DefaultMavenResourcesFiltering - skip non existing resourceDirectory C:\Users\Lea\Desktop\Uni_Stuff\Year_2\design patterns\semester 2\Assessment\Assignment\Game\src\main\resources
2024-04-14 22:28:35,060 [Worker-39: Building] INFO  o.a.m.s.f.DefaultMavenResourcesFiltering - skip non existing resourceDirectory C:\Users\Lea\Desktop\Uni_Stuff\Year_2\design patterns\semester 2\Assessment\Assignment\Game\src\test\resources
2024-04-14 22:31:13,778 [Worker-39: Building] INFO  o.a.m.s.f.DefaultMavenResourcesFiltering - skip non existing resourceDirectory C:\Users\Lea\Desktop\Uni_Stuff\Year_2\design patterns\semester 2\Assessment\Assignment\Game\src\main\resources
2024-04-14 22:31:13,781 [Worker-39: Building] INFO  o.a.m.s.f.DefaultMavenResourcesFiltering - skip non existing resourceDirectory C:\Users\Lea\Desktop\Uni_Stuff\Year_2\design patterns\semester 2\Assessment\Assignment\Game\src\test\resources
2024-04-14 22:32:52,751 [Worker-41: Building] INFO  o.a.m.s.f.DefaultMavenResourcesFiltering - skip non existing resourceDirectory C:\Users\Lea\Desktop\Uni_Stuff\Year_2\design patterns\semester 2\Assessment\Assignment\Game\src\main\resources
2024-04-14 22:32:52,753 [Worker-41: Building] INFO  o.a.m.s.f.DefaultMavenResourcesFiltering - skip non existing resourceDirectory C:\Users\Lea\Desktop\Uni_Stuff\Year_2\design patterns\semester 2\Assessment\Assignment\Game\src\test\resources
2024-04-14 22:41:51,994 [Worker-42: Building] INFO  o.a.m.s.f.DefaultMavenResourcesFiltering - skip non existing resourceDirectory C:\Users\Lea\Desktop\Uni_Stuff\Year_2\design patterns\semester 2\Assessment\Assignment\Game\src\main\resources
2024-04-14 22:41:51,997 [Worker-42: Building] INFO  o.a.m.s.f.DefaultMavenResourcesFiltering - skip non existing resourceDirectory C:\Users\Lea\Desktop\Uni_Stuff\Year_2\design patterns\semester 2\Assessment\Assignment\Game\src\test\resources
2024-04-14 22:44:37,369 [Worker-44: Building] INFO  o.a.m.s.f.DefaultMavenResourcesFiltering - skip non existing resourceDirectory C:\Users\Lea\Desktop\Uni_Stuff\Year_2\design patterns\semester 2\Assessment\Assignment\Game\src\main\resources
2024-04-14 22:44:37,372 [Worker-44: Building] INFO  o.a.m.s.f.DefaultMavenResourcesFiltering - skip non existing resourceDirectory C:\Users\Lea\Desktop\Uni_Stuff\Year_2\design patterns\semester 2\Assessment\Assignment\Game\src\test\resources
2024-04-14 22:44:45,000 [Worker-43: Building] INFO  o.a.m.s.f.DefaultMavenResourcesFiltering - skip non existing resourceDirectory C:\Users\Lea\Desktop\Uni_Stuff\Year_2\design patterns\semester 2\Assessment\Assignment\Game\src\main\resources
2024-04-14 22:44:45,010 [Worker-43: Building] INFO  o.a.m.s.f.DefaultMavenResourcesFiltering - skip non existing resourceDirectory C:\Users\Lea\Desktop\Uni_Stuff\Year_2\design patterns\semester 2\Assessment\Assignment\Game\src\test\resources
2024-04-14 22:44:50,003 [Worker-43: Building] INFO  o.a.m.s.f.DefaultMavenResourcesFiltering - skip non existing resourceDirectory C:\Users\Lea\Desktop\Uni_Stuff\Year_2\design patterns\semester 2\Assessment\Assignment\Game\src\main\resources
2024-04-14 22:44:50,006 [Worker-43: Building] INFO  o.a.m.s.f.DefaultMavenResourcesFiltering - skip non existing resourceDirectory C:\Users\Lea\Desktop\Uni_Stuff\Year_2\design patterns\semester 2\Assessment\Assignment\Game\src\test\resources
2024-04-14 22:49:07,503 [Worker-42: Building] INFO  o.a.m.s.f.DefaultMavenResourcesFiltering - skip non existing resourceDirectory C:\Users\Lea\Desktop\Uni_Stuff\Year_2\design patterns\semester 2\Assessment\Assignment\Game\src\main\resources
2024-04-14 22:49:07,505 [Worker-42: Building] INFO  o.a.m.s.f.DefaultMavenResourcesFiltering - skip non existing resourceDirectory C:\Users\Lea\Desktop\Uni_Stuff\Year_2\design patterns\semester 2\Assessment\Assignment\Game\src\test\resources
2024-04-17 17:58:36,105 [Worker-6: Loading available Gradle versions] INFO  o.e.b.c.i.u.g.PublishedGradleVersions - Gradle version information cache is up-to-date. Trying to read.
2024-04-17 17:58:37,353 [Worker-6: Building] INFO  o.a.m.s.f.DefaultMavenResourcesFiltering - skip non existing resourceDirectory C:\Users\Lea\Desktop\Uni_Stuff\Year_2\design patterns\semester 2\Assessment\Assignment\Game\src\main\resources
2024-04-17 17:58:37,361 [Worker-6: Building] INFO  o.a.m.s.f.DefaultMavenResourcesFiltering - skip non existing resourceDirectory C:\Users\Lea\Desktop\Uni_Stuff\Year_2\design patterns\semester 2\Assessment\Assignment\Game\src\test\resources
2024-04-17 17:59:41,243 [Worker-13: Building] INFO  o.a.m.s.f.DefaultMavenResourcesFiltering - skip non existing resourceDirectory C:\Users\Lea\Desktop\Uni_Stuff\Year_2\design patterns\semester 2\Assessment\Assignment\Game\src\main\resources
2024-04-17 17:59:41,246 [Worker-13: Building] INFO  o.a.m.s.f.DefaultMavenResourcesFiltering - skip non existing resourceDirectory C:\Users\Lea\Desktop\Uni_Stuff\Year_2\design patterns\semester 2\Assessment\Assignment\Game\src\test\resources
2024-04-17 18:02:40,498 [Worker-4: Building] INFO  o.a.m.s.f.DefaultMavenResourcesFiltering - skip non existing resourceDirectory C:\Users\Lea\Desktop\Uni_Stuff\Year_2\design patterns\semester 2\Assessment\Assignment\Game\src\main\resources
2024-04-17 18:02:40,500 [Worker-4: Building] INFO  o.a.m.s.f.DefaultMavenResourcesFiltering - skip non existing resourceDirectory C:\Users\Lea\Desktop\Uni_Stuff\Year_2\design patterns\semester 2\Assessment\Assignment\Game\src\test\resources
2024-04-17 18:02:48,114 [Worker-0: Building] INFO  o.a.m.s.f.DefaultMavenResourcesFiltering - skip non existing resourceDirectory C:\Users\Lea\Desktop\Uni_Stuff\Year_2\design patterns\semester 2\Assessment\Assignment\Game\src\main\resources
2024-04-17 18:02:48,116 [Worker-0: Building] INFO  o.a.m.s.f.DefaultMavenResourcesFiltering - skip non existing resourceDirectory C:\Users\Lea\Desktop\Uni_Stuff\Year_2\design patterns\semester 2\Assessment\Assignment\Game\src\test\resources
2024-04-17 18:19:18,942 [Worker-18: Building] INFO  o.a.m.s.f.DefaultMavenResourcesFiltering - skip non existing resourceDirectory C:\Users\Lea\Desktop\Uni_Stuff\Year_2\design patterns\semester 2\Assessment\Assignment\Game\src\main\resources
2024-04-17 18:19:18,943 [Worker-18: Building] INFO  o.a.m.s.f.DefaultMavenResourcesFiltering - skip non existing resourceDirectory C:\Users\Lea\Desktop\Uni_Stuff\Year_2\design patterns\semester 2\Assessment\Assignment\Game\src\test\resources
2024-04-17 18:21:45,312 [Worker-29: Building] INFO  o.a.m.s.f.DefaultMavenResourcesFiltering - skip non existing resourceDirectory C:\Users\Lea\Desktop\Uni_Stuff\Year_2\design patterns\semester 2\Assessment\Assignment\Game\src\main\resources
2024-04-17 18:21:45,313 [Worker-29: Building] INFO  o.a.m.s.f.DefaultMavenResourcesFiltering - skip non existing resourceDirectory C:\Users\Lea\Desktop\Uni_Stuff\Year_2\design patterns\semester 2\Assessment\Assignment\Game\src\test\resources
2024-04-17 18:22:17,712 [Worker-18: Building] INFO  o.a.m.s.f.DefaultMavenResourcesFiltering - skip non existing resourceDirectory C:\Users\Lea\Desktop\Uni_Stuff\Year_2\design patterns\semester 2\Assessment\Assignment\Game\src\main\resources
2024-04-17 18:22:17,714 [Worker-18: Building] INFO  o.a.m.s.f.DefaultMavenResourcesFiltering - skip non existing resourceDirectory C:\Users\Lea\Desktop\Uni_Stuff\Year_2\design patterns\semester 2\Assessment\Assignment\Game\src\test\resources
2024-04-17 18:26:47,045 [Worker-29: Building] INFO  o.a.m.s.f.DefaultMavenResourcesFiltering - skip non existing resourceDirectory C:\Users\Lea\Desktop\Uni_Stuff\Year_2\design patterns\semester 2\Assessment\Assignment\Game\src\main\resources
2024-04-17 18:26:47,047 [Worker-29: Building] INFO  o.a.m.s.f.DefaultMavenResourcesFiltering - skip non existing resourceDirectory C:\Users\Lea\Desktop\Uni_Stuff\Year_2\design patterns\semester 2\Assessment\Assignment\Game\src\test\resources
2024-04-17 18:47:39,493 [Worker-29: Building] INFO  o.a.m.s.f.DefaultMavenResourcesFiltering - skip non existing resourceDirectory C:\Users\Lea\Desktop\Uni_Stuff\Year_2\design patterns\semester 2\Assessment\Assignment\Game\src\main\resources
2024-04-17 18:47:39,496 [Worker-29: Building] INFO  o.a.m.s.f.DefaultMavenResourcesFiltering - skip non existing resourceDirectory C:\Users\Lea\Desktop\Uni_Stuff\Year_2\design patterns\semester 2\Assessment\Assignment\Game\src\test\resources
<<<<<<< HEAD
2024-04-17 20:28:42,994 [Worker-2: Loading available Gradle versions] INFO  o.e.b.c.i.u.g.PublishedGradleVersions - Gradle version information cache is up-to-date. Trying to read.
2024-04-17 20:28:45,586 [Worker-7: Building] INFO  o.a.m.s.f.DefaultMavenResourcesFiltering - skip non existing resourceDirectory C:\Users\Lea\Desktop\Uni_Stuff\Year_2\design patterns\semester 2\backupAssignment\Assignment\Game\src\main\resources
2024-04-17 20:28:45,595 [Worker-7: Building] INFO  o.a.m.s.f.DefaultMavenResourcesFiltering - skip non existing resourceDirectory C:\Users\Lea\Desktop\Uni_Stuff\Year_2\design patterns\semester 2\backupAssignment\Assignment\Game\src\test\resources
2024-04-17 20:40:49,487 [Worker-2: Loading available Gradle versions] INFO  o.e.b.c.i.u.g.PublishedGradleVersions - Gradle version information cache is up-to-date. Trying to read.
2024-04-17 20:41:20,419 [Worker-22: Building] INFO  o.a.m.s.f.DefaultMavenResourcesFiltering - skip non existing resourceDirectory C:\Users\Lea\Desktop\Uni_Stuff\Year_2\design patterns\semester 2\backupAssignment\Assignment\Game\src\main\resources
2024-04-17 20:41:20,424 [Worker-22: Building] INFO  o.a.m.s.f.DefaultMavenResourcesFiltering - skip non existing resourceDirectory C:\Users\Lea\Desktop\Uni_Stuff\Year_2\design patterns\semester 2\backupAssignment\Assignment\Game\src\test\resources
=======
2024-04-17 18:51:45,284 [Worker-35: Building] INFO  o.a.m.s.f.DefaultMavenResourcesFiltering - skip non existing resourceDirectory C:\Users\Lea\Desktop\Uni_Stuff\Year_2\design patterns\semester 2\Assessment\Assignment\Game\src\main\resources
2024-04-17 18:51:45,286 [Worker-35: Building] INFO  o.a.m.s.f.DefaultMavenResourcesFiltering - skip non existing resourceDirectory C:\Users\Lea\Desktop\Uni_Stuff\Year_2\design patterns\semester 2\Assessment\Assignment\Game\src\test\resources
2024-04-17 18:52:38,297 [Worker-31: Building] INFO  o.a.m.s.f.DefaultMavenResourcesFiltering - skip non existing resourceDirectory C:\Users\Lea\Desktop\Uni_Stuff\Year_2\design patterns\semester 2\Assessment\Assignment\Game\src\main\resources
2024-04-17 18:52:38,299 [Worker-31: Building] INFO  o.a.m.s.f.DefaultMavenResourcesFiltering - skip non existing resourceDirectory C:\Users\Lea\Desktop\Uni_Stuff\Year_2\design patterns\semester 2\Assessment\Assignment\Game\src\test\resources
2024-04-17 18:54:26,399 [Worker-18: Building] INFO  o.a.m.s.f.DefaultMavenResourcesFiltering - skip non existing resourceDirectory C:\Users\Lea\Desktop\Uni_Stuff\Year_2\design patterns\semester 2\Assessment\Assignment\Game\src\main\resources
2024-04-17 18:54:26,400 [Worker-18: Building] INFO  o.a.m.s.f.DefaultMavenResourcesFiltering - skip non existing resourceDirectory C:\Users\Lea\Desktop\Uni_Stuff\Year_2\design patterns\semester 2\Assessment\Assignment\Game\src\test\resources
2024-04-17 18:57:00,331 [Worker-29: Building] INFO  o.a.m.s.f.DefaultMavenResourcesFiltering - skip non existing resourceDirectory C:\Users\Lea\Desktop\Uni_Stuff\Year_2\design patterns\semester 2\Assessment\Assignment\Game\src\main\resources
2024-04-17 18:57:00,334 [Worker-29: Building] INFO  o.a.m.s.f.DefaultMavenResourcesFiltering - skip non existing resourceDirectory C:\Users\Lea\Desktop\Uni_Stuff\Year_2\design patterns\semester 2\Assessment\Assignment\Game\src\test\resources
2024-04-17 18:57:54,443 [Worker-37: Building] INFO  o.a.m.s.f.DefaultMavenResourcesFiltering - skip non existing resourceDirectory C:\Users\Lea\Desktop\Uni_Stuff\Year_2\design patterns\semester 2\Assessment\Assignment\Game\src\main\resources
2024-04-17 18:57:54,445 [Worker-37: Building] INFO  o.a.m.s.f.DefaultMavenResourcesFiltering - skip non existing resourceDirectory C:\Users\Lea\Desktop\Uni_Stuff\Year_2\design patterns\semester 2\Assessment\Assignment\Game\src\test\resources
2024-04-17 19:02:36,271 [Worker-29: Building] INFO  o.a.m.s.f.DefaultMavenResourcesFiltering - skip non existing resourceDirectory C:\Users\Lea\Desktop\Uni_Stuff\Year_2\design patterns\semester 2\Assessment\Assignment\Game\src\main\resources
2024-04-17 19:02:36,272 [Worker-29: Building] INFO  o.a.m.s.f.DefaultMavenResourcesFiltering - skip non existing resourceDirectory C:\Users\Lea\Desktop\Uni_Stuff\Year_2\design patterns\semester 2\Assessment\Assignment\Game\src\test\resources
2024-04-17 19:09:16,067 [Worker-29: Building] INFO  o.a.m.s.f.DefaultMavenResourcesFiltering - skip non existing resourceDirectory C:\Users\Lea\Desktop\Uni_Stuff\Year_2\design patterns\semester 2\Assessment\Assignment\Game\src\main\resources
2024-04-17 19:09:16,070 [Worker-29: Building] INFO  o.a.m.s.f.DefaultMavenResourcesFiltering - skip non existing resourceDirectory C:\Users\Lea\Desktop\Uni_Stuff\Year_2\design patterns\semester 2\Assessment\Assignment\Game\src\test\resources
2024-04-17 19:09:51,071 [Worker-40: Building] INFO  o.a.m.s.f.DefaultMavenResourcesFiltering - skip non existing resourceDirectory C:\Users\Lea\Desktop\Uni_Stuff\Year_2\design patterns\semester 2\Assessment\Assignment\Game\src\main\resources
2024-04-17 19:09:51,073 [Worker-40: Building] INFO  o.a.m.s.f.DefaultMavenResourcesFiltering - skip non existing resourceDirectory C:\Users\Lea\Desktop\Uni_Stuff\Year_2\design patterns\semester 2\Assessment\Assignment\Game\src\test\resources
2024-04-17 19:15:59,590 [Worker-36: Building] INFO  o.a.m.s.f.DefaultMavenResourcesFiltering - skip non existing resourceDirectory C:\Users\Lea\Desktop\Uni_Stuff\Year_2\design patterns\semester 2\Assessment\Assignment\Game\src\main\resources
2024-04-17 19:15:59,592 [Worker-36: Building] INFO  o.a.m.s.f.DefaultMavenResourcesFiltering - skip non existing resourceDirectory C:\Users\Lea\Desktop\Uni_Stuff\Year_2\design patterns\semester 2\Assessment\Assignment\Game\src\test\resources
2024-04-17 19:16:17,624 [Worker-40: Building] INFO  o.a.m.s.f.DefaultMavenResourcesFiltering - skip non existing resourceDirectory C:\Users\Lea\Desktop\Uni_Stuff\Year_2\design patterns\semester 2\Assessment\Assignment\Game\src\main\resources
2024-04-17 19:16:17,625 [Worker-40: Building] INFO  o.a.m.s.f.DefaultMavenResourcesFiltering - skip non existing resourceDirectory C:\Users\Lea\Desktop\Uni_Stuff\Year_2\design patterns\semester 2\Assessment\Assignment\Game\src\test\resources
2024-04-17 19:17:13,869 [Worker-41: Building] INFO  o.a.m.s.f.DefaultMavenResourcesFiltering - skip non existing resourceDirectory C:\Users\Lea\Desktop\Uni_Stuff\Year_2\design patterns\semester 2\Assessment\Assignment\Game\src\main\resources
2024-04-17 19:17:13,871 [Worker-41: Building] INFO  o.a.m.s.f.DefaultMavenResourcesFiltering - skip non existing resourceDirectory C:\Users\Lea\Desktop\Uni_Stuff\Year_2\design patterns\semester 2\Assessment\Assignment\Game\src\test\resources
2024-04-17 19:23:18,608 [Worker-43: Building] INFO  o.a.m.s.f.DefaultMavenResourcesFiltering - skip non existing resourceDirectory C:\Users\Lea\Desktop\Uni_Stuff\Year_2\design patterns\semester 2\Assessment\Assignment\Game\src\main\resources
2024-04-17 19:23:18,610 [Worker-43: Building] INFO  o.a.m.s.f.DefaultMavenResourcesFiltering - skip non existing resourceDirectory C:\Users\Lea\Desktop\Uni_Stuff\Year_2\design patterns\semester 2\Assessment\Assignment\Game\src\test\resources
2024-04-17 19:34:16,350 [Worker-41: Building] INFO  o.a.m.s.f.DefaultMavenResourcesFiltering - skip non existing resourceDirectory C:\Users\Lea\Desktop\Uni_Stuff\Year_2\design patterns\semester 2\Assessment\Assignment\Game\src\main\resources
2024-04-17 19:34:16,353 [Worker-41: Building] INFO  o.a.m.s.f.DefaultMavenResourcesFiltering - skip non existing resourceDirectory C:\Users\Lea\Desktop\Uni_Stuff\Year_2\design patterns\semester 2\Assessment\Assignment\Game\src\test\resources
2024-04-17 19:34:39,102 [Worker-45: Building] INFO  o.a.m.s.f.DefaultMavenResourcesFiltering - skip non existing resourceDirectory C:\Users\Lea\Desktop\Uni_Stuff\Year_2\design patterns\semester 2\Assessment\Assignment\Game\src\main\resources
2024-04-17 19:34:39,103 [Worker-45: Building] INFO  o.a.m.s.f.DefaultMavenResourcesFiltering - skip non existing resourceDirectory C:\Users\Lea\Desktop\Uni_Stuff\Year_2\design patterns\semester 2\Assessment\Assignment\Game\src\test\resources
2024-04-17 19:38:38,187 [Worker-36: Building] INFO  o.a.m.s.f.DefaultMavenResourcesFiltering - skip non existing resourceDirectory C:\Users\Lea\Desktop\Uni_Stuff\Year_2\design patterns\semester 2\Assessment\Assignment\Game\src\main\resources
2024-04-17 19:38:38,189 [Worker-36: Building] INFO  o.a.m.s.f.DefaultMavenResourcesFiltering - skip non existing resourceDirectory C:\Users\Lea\Desktop\Uni_Stuff\Year_2\design patterns\semester 2\Assessment\Assignment\Game\src\test\resources
2024-04-17 19:39:56,500 [Worker-36: Building] INFO  o.a.m.s.f.DefaultMavenResourcesFiltering - skip non existing resourceDirectory C:\Users\Lea\Desktop\Uni_Stuff\Year_2\design patterns\semester 2\Assessment\Assignment\Game\src\main\resources
2024-04-17 19:39:56,502 [Worker-36: Building] INFO  o.a.m.s.f.DefaultMavenResourcesFiltering - skip non existing resourceDirectory C:\Users\Lea\Desktop\Uni_Stuff\Year_2\design patterns\semester 2\Assessment\Assignment\Game\src\test\resources
2024-04-17 19:47:10,787 [Worker-41: Building] INFO  o.a.m.s.f.DefaultMavenResourcesFiltering - skip non existing resourceDirectory C:\Users\Lea\Desktop\Uni_Stuff\Year_2\design patterns\semester 2\Assessment\Assignment\Game\src\main\resources
2024-04-17 19:47:10,788 [Worker-41: Building] INFO  o.a.m.s.f.DefaultMavenResourcesFiltering - skip non existing resourceDirectory C:\Users\Lea\Desktop\Uni_Stuff\Year_2\design patterns\semester 2\Assessment\Assignment\Game\src\test\resources
2024-04-17 19:49:49,036 [Worker-49: Building] INFO  o.a.m.s.f.DefaultMavenResourcesFiltering - skip non existing resourceDirectory C:\Users\Lea\Desktop\Uni_Stuff\Year_2\design patterns\semester 2\Assessment\Assignment\Game\src\main\resources
2024-04-17 19:49:49,037 [Worker-49: Building] INFO  o.a.m.s.f.DefaultMavenResourcesFiltering - skip non existing resourceDirectory C:\Users\Lea\Desktop\Uni_Stuff\Year_2\design patterns\semester 2\Assessment\Assignment\Game\src\test\resources
2024-04-17 19:54:00,015 [Worker-41: Building] INFO  o.a.m.s.f.DefaultMavenResourcesFiltering - skip non existing resourceDirectory C:\Users\Lea\Desktop\Uni_Stuff\Year_2\design patterns\semester 2\Assessment\Assignment\Game\src\main\resources
2024-04-17 19:54:00,016 [Worker-41: Building] INFO  o.a.m.s.f.DefaultMavenResourcesFiltering - skip non existing resourceDirectory C:\Users\Lea\Desktop\Uni_Stuff\Year_2\design patterns\semester 2\Assessment\Assignment\Game\src\test\resources
2024-04-17 19:55:36,704 [Worker-51: Building] INFO  o.a.m.s.f.DefaultMavenResourcesFiltering - skip non existing resourceDirectory C:\Users\Lea\Desktop\Uni_Stuff\Year_2\design patterns\semester 2\Assessment\Assignment\Game\src\main\resources
2024-04-17 19:55:36,705 [Worker-51: Building] INFO  o.a.m.s.f.DefaultMavenResourcesFiltering - skip non existing resourceDirectory C:\Users\Lea\Desktop\Uni_Stuff\Year_2\design patterns\semester 2\Assessment\Assignment\Game\src\test\resources
2024-04-17 20:03:41,929 [Worker-50: Building] INFO  o.a.m.s.f.DefaultMavenResourcesFiltering - skip non existing resourceDirectory C:\Users\Lea\Desktop\Uni_Stuff\Year_2\design patterns\semester 2\Assessment\Assignment\Game\src\main\resources
2024-04-17 20:03:41,930 [Worker-50: Building] INFO  o.a.m.s.f.DefaultMavenResourcesFiltering - skip non existing resourceDirectory C:\Users\Lea\Desktop\Uni_Stuff\Year_2\design patterns\semester 2\Assessment\Assignment\Game\src\test\resources
2024-04-17 20:05:04,438 [Worker-52: Building] INFO  o.a.m.s.f.DefaultMavenResourcesFiltering - skip non existing resourceDirectory C:\Users\Lea\Desktop\Uni_Stuff\Year_2\design patterns\semester 2\Assessment\Assignment\Game\src\main\resources
2024-04-17 20:05:04,440 [Worker-52: Building] INFO  o.a.m.s.f.DefaultMavenResourcesFiltering - skip non existing resourceDirectory C:\Users\Lea\Desktop\Uni_Stuff\Year_2\design patterns\semester 2\Assessment\Assignment\Game\src\test\resources
>>>>>>> 0c4ace9accba5a3353c67874a9b44106006bee18
